<?xml version="1.0" encoding="UTF-8"?>
<testng-results skipped="2" failed="1" ignored="0" total="19" passed="16">
  <reporter-output>
  </reporter-output>
  <suite name="Suite" duration-ms="4074" started-at="2018-11-22T06:03:13Z" finished-at="2018-11-22T06:03:17Z">
    <groups>
    </groups>
    <test name="Test" duration-ms="4074" started-at="2018-11-22T06:03:13Z" finished-at="2018-11-22T06:03:17Z">
      <class name="com.yy.test.NewTest">
        <test-method status="PASS" signature="f(java.lang.String, java.lang.String, java.lang.String, java.lang.String, java.lang.String)[pri:0, instance:com.yy.test.NewTest@2b98378d]" name="f" duration-ms="1205" started-at="2018-11-22T06:03:14Z" data-provider="dp" finished-at="2018-11-22T06:03:15Z">
          <params>
            <param index="0">
              <value>
                <![CDATA[http://www.tuling123.com]]>
              </value>
            </param>
            <param index="1">
              <value>
                <![CDATA[/openapi/api/v2]]>
              </value>
            </param>
            <param index="2">
              <value>
                <![CDATA[POST]]>
              </value>
            </param>
            <param index="3">
              <value>
                <![CDATA[{'key':'你好！1'}]]>
              </value>
            </param>
            <param index="4">
              <value>
                <![CDATA[4000]]>
              </value>
            </param>
          </params>
          <reporter-output>
          </reporter-output>
        </test-method> <!-- f -->
        <test-method status="PASS" signature="f(java.lang.String, java.lang.String, java.lang.String, java.lang.String, java.lang.String)[pri:0, instance:com.yy.test.NewTest@2b98378d]" name="f" duration-ms="123" started-at="2018-11-22T06:03:15Z" data-provider="dp" finished-at="2018-11-22T06:03:15Z">
          <params>
            <param index="0">
              <value>
                <![CDATA[http://www.tuling123.com]]>
              </value>
            </param>
            <param index="1">
              <value>
                <![CDATA[/openapi/api/v2]]>
              </value>
            </param>
            <param index="2">
              <value>
                <![CDATA[POST]]>
              </value>
            </param>
            <param index="3">
              <value>
                <![CDATA[{'key':'你好！2'}]]>
              </value>
            </param>
            <param index="4">
              <value>
                <![CDATA[4000]]>
              </value>
            </param>
          </params>
          <reporter-output>
          </reporter-output>
        </test-method> <!-- f -->
        <test-method status="PASS" signature="f(java.lang.String, java.lang.String, java.lang.String, java.lang.String, java.lang.String)[pri:0, instance:com.yy.test.NewTest@2b98378d]" name="f" duration-ms="134" started-at="2018-11-22T06:03:15Z" data-provider="dp" finished-at="2018-11-22T06:03:15Z">
          <params>
            <param index="0">
              <value>
                <![CDATA[http://www.tuling123.com]]>
              </value>
            </param>
            <param index="1">
              <value>
                <![CDATA[/openapi/api/v2]]>
              </value>
            </param>
            <param index="2">
              <value>
                <![CDATA[POST]]>
              </value>
            </param>
            <param index="3">
              <value>
                <![CDATA[{'key':'你好！3'}]]>
              </value>
            </param>
            <param index="4">
              <value>
                <![CDATA[4000]]>
              </value>
            </param>
          </params>
          <reporter-output>
          </reporter-output>
        </test-method> <!-- f -->
        <test-method status="PASS" signature="f(java.lang.String, java.lang.String, java.lang.String, java.lang.String, java.lang.String)[pri:0, instance:com.yy.test.NewTest@2b98378d]" name="f" duration-ms="110" started-at="2018-11-22T06:03:15Z" data-provider="dp" finished-at="2018-11-22T06:03:15Z">
          <params>
            <param index="0">
              <value>
                <![CDATA[http://www.tuling123.com]]>
              </value>
            </param>
            <param index="1">
              <value>
                <![CDATA[/openapi/api/v2]]>
              </value>
            </param>
            <param index="2">
              <value>
                <![CDATA[POST]]>
              </value>
            </param>
            <param index="3">
              <value>
                <![CDATA[{'key':'你好！4'}]]>
              </value>
            </param>
            <param index="4">
              <value>
                <![CDATA[4000]]>
              </value>
            </param>
          </params>
          <reporter-output>
          </reporter-output>
        </test-method> <!-- f -->
        <test-method status="PASS" signature="f(java.lang.String, java.lang.String, java.lang.String, java.lang.String, java.lang.String)[pri:0, instance:com.yy.test.NewTest@2b98378d]" name="f" duration-ms="129" started-at="2018-11-22T06:03:15Z" data-provider="dp" finished-at="2018-11-22T06:03:16Z">
          <params>
            <param index="0">
              <value>
                <![CDATA[http://www.tuling123.com]]>
              </value>
            </param>
            <param index="1">
              <value>
                <![CDATA[/openapi/api/v2]]>
              </value>
            </param>
            <param index="2">
              <value>
                <![CDATA[POST]]>
              </value>
            </param>
            <param index="3">
              <value>
                <![CDATA[{'key':'你好！5'}]]>
              </value>
            </param>
            <param index="4">
              <value>
                <![CDATA[4000]]>
              </value>
            </param>
          </params>
          <reporter-output>
          </reporter-output>
        </test-method> <!-- f -->
        <test-method status="PASS" signature="f(java.lang.String, java.lang.String, java.lang.String, java.lang.String, java.lang.String)[pri:0, instance:com.yy.test.NewTest@2b98378d]" name="f" duration-ms="117" started-at="2018-11-22T06:03:16Z" data-provider="dp" finished-at="2018-11-22T06:03:16Z">
          <params>
            <param index="0">
              <value>
                <![CDATA[http://www.tuling123.com]]>
              </value>
            </param>
            <param index="1">
              <value>
                <![CDATA[/openapi/api/v2]]>
              </value>
            </param>
            <param index="2">
              <value>
                <![CDATA[POST]]>
              </value>
            </param>
            <param index="3">
              <value>
                <![CDATA[{'key':'你好！6'}]]>
              </value>
            </param>
            <param index="4">
              <value>
                <![CDATA[4000]]>
              </value>
            </param>
          </params>
          <reporter-output>
          </reporter-output>
        </test-method> <!-- f -->
        <test-method status="PASS" signature="f(java.lang.String, java.lang.String, java.lang.String, java.lang.String, java.lang.String)[pri:0, instance:com.yy.test.NewTest@2b98378d]" name="f" duration-ms="113" started-at="2018-11-22T06:03:16Z" data-provider="dp" finished-at="2018-11-22T06:03:16Z">
          <params>
            <param index="0">
              <value>
                <![CDATA[http://www.tuling123.com]]>
              </value>
            </param>
            <param index="1">
              <value>
                <![CDATA[/openapi/api/v2]]>
              </value>
            </param>
            <param index="2">
              <value>
                <![CDATA[POST]]>
              </value>
            </param>
            <param index="3">
              <value>
                <![CDATA[{'key':'你好！7'}]]>
              </value>
            </param>
            <param index="4">
              <value>
                <![CDATA[4000]]>
              </value>
            </param>
          </params>
          <reporter-output>
          </reporter-output>
        </test-method> <!-- f -->
        <test-method status="PASS" signature="f(java.lang.String, java.lang.String, java.lang.String, java.lang.String, java.lang.String)[pri:0, instance:com.yy.test.NewTest@2b98378d]" name="f" duration-ms="121" started-at="2018-11-22T06:03:16Z" data-provider="dp" finished-at="2018-11-22T06:03:16Z">
          <params>
            <param index="0">
              <value>
                <![CDATA[http://www.tuling123.com]]>
              </value>
            </param>
            <param index="1">
              <value>
                <![CDATA[/openapi/api/v2]]>
              </value>
            </param>
            <param index="2">
              <value>
                <![CDATA[POST]]>
              </value>
            </param>
            <param index="3">
              <value>
                <![CDATA[{'key':'你好！8'}]]>
              </value>
            </param>
            <param index="4">
              <value>
                <![CDATA[4000]]>
              </value>
            </param>
          </params>
          <reporter-output>
          </reporter-output>
        </test-method> <!-- f -->
        <test-method status="PASS" signature="f(java.lang.String, java.lang.String, java.lang.String, java.lang.String, java.lang.String)[pri:0, instance:com.yy.test.NewTest@2b98378d]" name="f" duration-ms="121" started-at="2018-11-22T06:03:16Z" data-provider="dp" finished-at="2018-11-22T06:03:16Z">
          <params>
            <param index="0">
              <value>
                <![CDATA[http://www.tuling123.com]]>
              </value>
            </param>
            <param index="1">
              <value>
                <![CDATA[/openapi/api/v2]]>
              </value>
            </param>
            <param index="2">
              <value>
                <![CDATA[POST]]>
              </value>
            </param>
            <param index="3">
              <value>
                <![CDATA[{'key':'你好！9'}]]>
              </value>
            </param>
            <param index="4">
              <value>
                <![CDATA[4000]]>
              </value>
            </param>
          </params>
          <reporter-output>
          </reporter-output>
        </test-method> <!-- f -->
        <test-method status="PASS" signature="f(java.lang.String, java.lang.String, java.lang.String, java.lang.String, java.lang.String)[pri:0, instance:com.yy.test.NewTest@2b98378d]" name="f" duration-ms="133" started-at="2018-11-22T06:03:16Z" data-provider="dp" finished-at="2018-11-22T06:03:16Z">
          <params>
            <param index="0">
              <value>
                <![CDATA[http://www.tuling123.com]]>
              </value>
            </param>
            <param index="1">
              <value>
                <![CDATA[/openapi/api/v2]]>
              </value>
            </param>
            <param index="2">
              <value>
                <![CDATA[POST]]>
              </value>
            </param>
            <param index="3">
              <value>
                <![CDATA[{'key':'你好！10'}]]>
              </value>
            </param>
            <param index="4">
              <value>
                <![CDATA[4000]]>
              </value>
            </param>
          </params>
          <reporter-output>
          </reporter-output>
        </test-method> <!-- f -->
        <test-method status="PASS" signature="f(java.lang.String, java.lang.String, java.lang.String, java.lang.String, java.lang.String)[pri:0, instance:com.yy.test.NewTest@2b98378d]" name="f" duration-ms="104" started-at="2018-11-22T06:03:16Z" data-provider="dp" finished-at="2018-11-22T06:03:16Z">
          <params>
            <param index="0">
              <value>
                <![CDATA[http://www.tuling123.com]]>
              </value>
            </param>
            <param index="1">
              <value>
                <![CDATA[/openapi/api/v2]]>
              </value>
            </param>
            <param index="2">
              <value>
                <![CDATA[POST]]>
              </value>
            </param>
            <param index="3">
              <value>
                <![CDATA[{'key':'你好！11'}]]>
              </value>
            </param>
            <param index="4">
              <value>
                <![CDATA[4000]]>
              </value>
            </param>
          </params>
          <reporter-output>
          </reporter-output>
        </test-method> <!-- f -->
        <test-method status="PASS" signature="f(java.lang.String, java.lang.String, java.lang.String, java.lang.String, java.lang.String)[pri:0, instance:com.yy.test.NewTest@2b98378d]" name="f" duration-ms="113" started-at="2018-11-22T06:03:16Z" data-provider="dp" finished-at="2018-11-22T06:03:16Z">
          <params>
            <param index="0">
              <value>
                <![CDATA[http://www.tuling123.com]]>
              </value>
            </param>
            <param index="1">
              <value>
                <![CDATA[/openapi/api/v2]]>
              </value>
            </param>
            <param index="2">
              <value>
                <![CDATA[POST]]>
              </value>
            </param>
            <param index="3">
              <value>
                <![CDATA[{'key':'你好！12'}]]>
              </value>
            </param>
            <param index="4">
              <value>
                <![CDATA[4000]]>
              </value>
            </param>
          </params>
          <reporter-output>
          </reporter-output>
        </test-method> <!-- f -->
        <test-method status="PASS" signature="f(java.lang.String, java.lang.String, java.lang.String, java.lang.String, java.lang.String)[pri:0, instance:com.yy.test.NewTest@2b98378d]" name="f" duration-ms="109" started-at="2018-11-22T06:03:16Z" data-provider="dp" finished-at="2018-11-22T06:03:17Z">
          <params>
            <param index="0">
              <value>
                <![CDATA[http://www.tuling123.com]]>
              </value>
            </param>
            <param index="1">
              <value>
                <![CDATA[/openapi/api/v2]]>
              </value>
            </param>
            <param index="2">
              <value>
                <![CDATA[POST]]>
              </value>
            </param>
            <param index="3">
              <value>
                <![CDATA[{'key':'你好！13'}]]>
              </value>
            </param>
            <param index="4">
              <value>
                <![CDATA[4000]]>
              </value>
            </param>
          </params>
          <reporter-output>
          </reporter-output>
        </test-method> <!-- f -->
        <test-method status="PASS" signature="f(java.lang.String, java.lang.String, java.lang.String, java.lang.String, java.lang.String)[pri:0, instance:com.yy.test.NewTest@2b98378d]" name="f" duration-ms="121" started-at="2018-11-22T06:03:17Z" data-provider="dp" finished-at="2018-11-22T06:03:17Z">
          <params>
            <param index="0">
              <value>
                <![CDATA[http://www.tuling123.com]]>
              </value>
            </param>
            <param index="1">
              <value>
                <![CDATA[/openapi/api/v2]]>
              </value>
            </param>
            <param index="2">
              <value>
                <![CDATA[POST]]>
              </value>
            </param>
            <param index="3">
              <value>
                <![CDATA[{'key':'你好！14'}]]>
              </value>
            </param>
            <param index="4">
              <value>
                <![CDATA[4000]]>
              </value>
            </param>
          </params>
          <reporter-output>
          </reporter-output>
        </test-method> <!-- f -->
        <test-method status="PASS" signature="test1()[pri:0, instance:com.yy.test.NewTest@2b98378d]" name="test1" duration-ms="8" started-at="2018-11-22T06:03:17Z" finished-at="2018-11-22T06:03:17Z">
          <reporter-output>
          </reporter-output>
        </test-method> <!-- test1 -->
        <test-method status="PASS" signature="test2()[pri:0, instance:com.yy.test.NewTest@2b98378d]" name="test2" duration-ms="4" started-at="2018-11-22T06:03:17Z" finished-at="2018-11-22T06:03:17Z">
          <reporter-output>
          </reporter-output>
        </test-method> <!-- test2 -->
        <test-method status="SKIP" signature="test3()[pri:0, instance:com.yy.test.NewTest@2b98378d]" name="test3" duration-ms="0" started-at="2018-11-22T06:03:17Z" finished-at="2018-11-22T06:03:17Z">
          <exception class="java.lang.AssertionError">
            <message>
              <![CDATA[expected [1] but found [2]]]>
            </message>
            <full-stacktrace>
              <![CDATA[java.lang.AssertionError: expected [1] but found [2]
at org.testng.Assert.fail(Assert.java:96)
at org.testng.Assert.failNotEquals(Assert.java:776)
at org.testng.Assert.assertEqualsImpl(Assert.java:137)
at org.testng.Assert.assertEquals(Assert.java:118)
at org.testng.Assert.assertEquals(Assert.java:453)
at org.testng.Assert.assertEquals(Assert.java:463)
at com.yy.test.NewTest.test3(NewTest.java:36)
at sun.reflect.NativeMethodAccessorImpl.invoke0(Native Method)
at sun.reflect.NativeMethodAccessorImpl.invoke(NativeMethodAccessorImpl.java:62)
at sun.reflect.DelegatingMethodAccessorImpl.invoke(DelegatingMethodAccessorImpl.java:43)
at java.lang.reflect.Method.invoke(Method.java:498)
at org.testng.internal.MethodInvocationHelper.invokeMethod(MethodInvocationHelper.java:124)
at org.testng.internal.Invoker.invokeMethod(Invoker.java:583)
at org.testng.internal.Invoker.invokeTestMethod(Invoker.java:719)
at org.testng.internal.Invoker.invokeTestMethods(Invoker.java:989)
at org.testng.internal.TestMethodWorker.invokeTestMethods(TestMethodWorker.java:125)
at org.testng.internal.TestMethodWorker.run(TestMethodWorker.java:109)
at org.testng.TestRunner.privateRun(TestRunner.java:648)
at org.testng.TestRunner.run(TestRunner.java:505)
at org.testng.SuiteRunner.runTest(SuiteRunner.java:455)
at org.testng.SuiteRunner.runSequentially(SuiteRunner.java:450)
at org.testng.SuiteRunner.privateRun(SuiteRunner.java:415)
at org.testng.SuiteRunner.run(SuiteRunner.java:364)
at org.testng.SuiteRunnerWorker.runSuite(SuiteRunnerWorker.java:52)
at org.testng.SuiteRunnerWorker.run(SuiteRunnerWorker.java:84)
at org.testng.TestNG.runSuitesSequentially(TestNG.java:1208)
at org.testng.TestNG.runSuitesLocally(TestNG.java:1137)
at org.testng.TestNG.runSuites(TestNG.java:1049)
at org.testng.TestNG.run(TestNG.java:1017)
at org.testng.remote.AbstractRemoteTestNG.run(AbstractRemoteTestNG.java:132)
at org.testng.remote.RemoteTestNG.initAndRun(RemoteTestNG.java:230)
at org.testng.remote.RemoteTestNG.main(RemoteTestNG.java:76)
]]>
            </full-stacktrace>
          </exception> <!-- java.lang.AssertionError -->
          <reporter-output>
          </reporter-output>
        </test-method> <!-- test3 -->
        <test-method status="SKIP" signature="test3()[pri:0, instance:com.yy.test.NewTest@2b98378d]" name="test3" duration-ms="0" started-at="2018-11-22T06:03:17Z" finished-at="2018-11-22T06:03:17Z">
          <exception class="java.lang.AssertionError">
            <message>
              <![CDATA[expected [1] but found [2]]]>
            </message>
            <full-stacktrace>
              <![CDATA[java.lang.AssertionError: expected [1] but found [2]
at org.testng.Assert.fail(Assert.java:96)
at org.testng.Assert.failNotEquals(Assert.java:776)
at org.testng.Assert.assertEqualsImpl(Assert.java:137)
at org.testng.Assert.assertEquals(Assert.java:118)
at org.testng.Assert.assertEquals(Assert.java:453)
at org.testng.Assert.assertEquals(Assert.java:463)
at com.yy.test.NewTest.test3(NewTest.java:36)
at sun.reflect.NativeMethodAccessorImpl.invoke0(Native Method)
at sun.reflect.NativeMethodAccessorImpl.invoke(NativeMethodAccessorImpl.java:62)
at sun.reflect.DelegatingMethodAccessorImpl.invoke(DelegatingMethodAccessorImpl.java:43)
at java.lang.reflect.Method.invoke(Method.java:498)
at org.testng.internal.MethodInvocationHelper.invokeMethod(MethodInvocationHelper.java:124)
at org.testng.internal.Invoker.invokeMethod(Invoker.java:583)
at org.testng.internal.Invoker.retryFailed(Invoker.java:839)
at org.testng.internal.Invoker.invokeTestMethods(Invoker.java:1010)
at org.testng.internal.TestMethodWorker.invokeTestMethods(TestMethodWorker.java:125)
at org.testng.internal.TestMethodWorker.run(TestMethodWorker.java:109)
at org.testng.TestRunner.privateRun(TestRunner.java:648)
at org.testng.TestRunner.run(TestRunner.java:505)
at org.testng.SuiteRunner.runTest(SuiteRunner.java:455)
at org.testng.SuiteRunner.runSequentially(SuiteRunner.java:450)
at org.testng.SuiteRunner.privateRun(SuiteRunner.java:415)
at org.testng.SuiteRunner.run(SuiteRunner.java:364)
at org.testng.SuiteRunnerWorker.runSuite(SuiteRunnerWorker.java:52)
at org.testng.SuiteRunnerWorker.run(SuiteRunnerWorker.java:84)
at org.testng.TestNG.runSuitesSequentially(TestNG.java:1208)
at org.testng.TestNG.runSuitesLocally(TestNG.java:1137)
at org.testng.TestNG.runSuites(TestNG.java:1049)
at org.testng.TestNG.run(TestNG.java:1017)
at org.testng.remote.AbstractRemoteTestNG.run(AbstractRemoteTestNG.java:132)
at org.testng.remote.RemoteTestNG.initAndRun(RemoteTestNG.java:230)
at org.testng.remote.RemoteTestNG.main(RemoteTestNG.java:76)
]]>
            </full-stacktrace>
          </exception> <!-- java.lang.AssertionError -->
          <reporter-output>
          </reporter-output>
        </test-method> <!-- test3 -->
        <test-method status="FAIL" signature="test3()[pri:0, instance:com.yy.test.NewTest@2b98378d]" name="test3" duration-ms="4" started-at="2018-11-22T06:03:17Z" finished-at="2018-11-22T06:03:17Z">
          <exception class="java.lang.AssertionError">
            <message>
              <![CDATA[expected [1] but found [2]]]>
            </message>
            <full-stacktrace>
              <![CDATA[java.lang.AssertionError: expected [1] but found [2]
at org.testng.Assert.fail(Assert.java:96)
at org.testng.Assert.failNotEquals(Assert.java:776)
at org.testng.Assert.assertEqualsImpl(Assert.java:137)
at org.testng.Assert.assertEquals(Assert.java:118)
at org.testng.Assert.assertEquals(Assert.java:453)
at org.testng.Assert.assertEquals(Assert.java:463)
at com.yy.test.NewTest.test3(NewTest.java:36)
at sun.reflect.NativeMethodAccessorImpl.invoke0(Native Method)
at sun.reflect.NativeMethodAccessorImpl.invoke(NativeMethodAccessorImpl.java:62)
at sun.reflect.DelegatingMethodAccessorImpl.invoke(DelegatingMethodAccessorImpl.java:43)
at java.lang.reflect.Method.invoke(Method.java:498)
at org.testng.internal.MethodInvocationHelper.invokeMethod(MethodInvocationHelper.java:124)
at org.testng.internal.Invoker.invokeMethod(Invoker.java:583)
at org.testng.internal.Invoker.retryFailed(Invoker.java:839)
at org.testng.internal.Invoker.invokeTestMethods(Invoker.java:1010)
at org.testng.internal.TestMethodWorker.invokeTestMethods(TestMethodWorker.java:125)
at org.testng.internal.TestMethodWorker.run(TestMethodWorker.java:109)
at org.testng.TestRunner.privateRun(TestRunner.java:648)
at org.testng.TestRunner.run(TestRunner.java:505)
at org.testng.SuiteRunner.runTest(SuiteRunner.java:455)
at org.testng.SuiteRunner.runSequentially(SuiteRunner.java:450)
at org.testng.SuiteRunner.privateRun(SuiteRunner.java:415)
at org.testng.SuiteRunner.run(SuiteRunner.java:364)
at org.testng.SuiteRunnerWorker.runSuite(SuiteRunnerWorker.java:52)
at org.testng.SuiteRunnerWorker.run(SuiteRunnerWorker.java:84)
at org.testng.TestNG.runSuitesSequentially(TestNG.java:1208)
at org.testng.TestNG.runSuitesLocally(TestNG.java:1137)
at org.testng.TestNG.runSuites(TestNG.java:1049)
at org.testng.TestNG.run(TestNG.java:1017)
at org.testng.remote.AbstractRemoteTestNG.run(AbstractRemoteTestNG.java:132)
at org.testng.remote.RemoteTestNG.initAndRun(RemoteTestNG.java:230)
at org.testng.remote.RemoteTestNG.main(RemoteTestNG.java:76)
]]>
            </full-stacktrace>
          </exception> <!-- java.lang.AssertionError -->
          <reporter-output>
          </reporter-output>
        </test-method> <!-- test3 -->
      </class> <!-- com.yy.test.NewTest -->
    </test> <!-- Test -->
  </suite> <!-- Suite -->
</testng-results>
